<?xml version="1.0" encoding="UTF-8"?>
<!-- Generated by org.testng.reporters.JUnitReportReporter -->
<testsuite skipped="0" hostname="JHANSI-PC" name="loginpageTesting.LoginPageTest" tests="2" failures="0" timestamp="22 Feb 2019 05:23:56 GMT" time="5.300" errors="0">
  <testcase name="validate" time="0.000" classname="loginpageTesting.LoginPageTest"/>
  <testcase name="log" time="5.300" classname="loginpageTesting.LoginPageTest"/>
</testsuite> <!-- loginpageTesting.LoginPageTest -->
